<?xml version="1.0" encoding="UTF-8"?>
<testsuite name="CorrecterTest" tests="1" skipped="0" failures="0" errors="0" timestamp="2021-07-05T18:13:18" hostname="LAPTOP-OI4JEA6L" time="0.304">
  <properties/>
  <testcase name="start" classname="CorrecterTest" time="0.304"/>
  <system-out><![CDATA[?[1;31m
Start test 1?[0m
> encode
10011000
01001010
11001100
11010010
00011110
10011000
01010100
00000000
11001100
10101010
11001100
11111110
00011110
01010100
11001100
01001010
01010100
00000000
11001100
11111110
11001100
11001100
01010100
00000000
00011110
10011000
11001100
11100000
11001100
01001010
00011110
10000110
11001100
01001010
01010100
00000000
11001100
11001100
00011110
01010100
11001100
01001010
11001100
00101100
11001100
10000110
11001100
11100000
01010100
00000000
11001100
01010100
00011110
01001010
11001100
00101100
00011110
10000110
01010100
11010010
?[1;31m
Start test 2?[0m
> send
0
1
2
3
4
5
6
7
8
9
10
11
12
13
14
15
16
17
18
19
20
21
22
23
24
25
26
27
28
29
30
31
32
33
34
35
36
37
38
39
40
41
42
43
44
45
46
47
48
49
50
51
52
53
54
55
56
57
58
59
?[1;31m
Start test 3?[0m
> decode
?[1;31m
Start test 4?[0m
> encode
01010100
10011000
11001100
11111110
11001100
10101010
11001100
01001010
01010100
00000000
00011110
01010100
11001100
11010010
11001100
00101100
11001100
10011000
10000110
00000000
11001100
10101010
01010100
00000000
11001100
10101010
11001100
01001010
00011110
10000110
00011110
10000110
10011000
11010010
11001100
00011110
11001100
01001010
?[1;31m
Start test 5?[0m
> send
0
1
2
3
4
5
6
7
8
9
10
11
12
13
14
15
16
17
18
19
20
21
22
23
24
25
26
27
28
29
30
31
32
33
34
35
36
37
?[1;31m
Start test 6?[0m
> decode
?[1;31m
Start test 7?[0m
> encode
11001100
01010100
11001100
01001010
00011110
10011000
00011110
10011000
11001100
01001010
00011110
01010100
01010100
00000000
11001100
10000110
11001100
11010010
11001100
01111000
11001100
01111000
01010100
00000000
01001010
10000110
11001100
11010010
00011110
01001010
11001100
01111000
01010100
00000000
10000110
01001010
10000110
01001010
10000110
01001010
01010100
10101010
10000110
00000000
10000110
00000000
01010100
10101010
10000110
00011110
10000110
10000110
01010100
11010010
?[1;31m
Start test 8?[0m
> send
0
1
2
3
4
5
6
7
8
9
10
11
12
13
14
15
16
17
18
19
20
21
22
23
24
25
26
27
28
29
30
31
32
33
34
35
36
37
38
39
40
41
42
43
44
45
46
47
48
49
50
51
52
53
?[1;31m
Start test 9?[0m
> decode
?[1;31m
Start test 10?[0m
> encode
10000110
01001010
10000110
01001010
10000110
10011000
10000110
11100000
10000110
11010010
10000110
00011110
10000110
01010100
01010100
00000000
10000110
11001100
10000110
01001010
10000110
10011000
10000110
11100000
01010100
00000000
10000110
01010100
10000110
01010100
10000110
01001010
10000110
11010010
10000110
10011000
10000110
00011110
01010100
00000000
10000110
01010100
10000110
10000110
10000110
11001100
10000110
01001010
10000110
11001100
10000110
01001010
10000110
00110010
10000110
01001010
01010100
00000000
10000110
01001010
10000110
11010010
10000110
01001010
10000110
01001010
?[1;31m
Start test 11?[0m
> send
0
1
2
3
4
5
6
7
8
9
10
11
12
13
14
15
16
17
18
19
20
21
22
23
24
25
26
27
28
29
30
31
32
33
34
35
36
37
38
39
40
41
42
43
44
45
46
47
48
49
50
51
52
53
54
55
56
57
58
59
60
61
62
63
64
65
?[1;31m
Start test 12?[0m
> decode
]]></system-out>
  <system-err><![CDATA[]]></system-err>
</testsuite>
